<?xml version="1.0" encoding="UTF-8"?>
<coverage generated="1652930903849" clover="3.2.0">
  <project timestamp="1652930903849" name="All files">
    <metrics statements="56" coveredstatements="55" conditionals="8" coveredconditionals="7" methods="17" coveredmethods="17" elements="81" coveredelements="79" complexity="0" loc="56" ncloc="56" packages="4" files="5" classes="5"/>
    <package name="src">
      <metrics statements="24" coveredstatements="23" conditionals="5" coveredconditionals="4" methods="7" coveredmethods="7"/>
      <file name="api.js" path="/home/elvin/development/projects/jsexpert-exercicio01-pokeapi/src/api.js">
        <metrics statements="24" coveredstatements="23" conditionals="5" coveredconditionals="4" methods="7" coveredmethods="7"/>
        <line num="1" count="1" type="stmt"/>
        <line num="2" count="1" type="stmt"/>
        <line num="4" count="1" type="stmt"/>
        <line num="5" count="1" type="stmt"/>
        <line num="10" count="2" type="stmt"/>
        <line num="12" count="2" type="stmt"/>
        <line num="16" count="4" type="stmt"/>
        <line num="17" count="4" type="stmt"/>
        <line num="19" count="4" type="stmt"/>
        <line num="21" count="4" type="stmt"/>
        <line num="23" count="4" type="stmt"/>
        <line num="27" count="4" type="stmt"/>
        <line num="29" count="1" type="stmt"/>
        <line num="30" count="1" type="stmt"/>
        <line num="33" count="3" type="stmt"/>
        <line num="34" count="3" type="stmt"/>
        <line num="36" count="3" type="stmt"/>
        <line num="38" count="3" type="stmt"/>
        <line num="42" count="4" type="cond" truecount="2" falsecount="0"/>
        <line num="46" count="3" type="stmt"/>
        <line num="47" count="3" type="cond" truecount="1" falsecount="1"/>
        <line num="48" count="0" type="stmt"/>
        <line num="50" count="3" type="stmt"/>
        <line num="53" count="1" type="stmt"/>
      </file>
    </package>
    <package name="src.repository">
      <metrics statements="7" coveredstatements="7" conditionals="0" coveredconditionals="0" methods="2" coveredmethods="2"/>
      <file name="teamRepository.js" path="/home/elvin/development/projects/jsexpert-exercicio01-pokeapi/src/repository/teamRepository.js">
        <metrics statements="7" coveredstatements="7" conditionals="0" coveredconditionals="0" methods="2" coveredmethods="2"/>
        <line num="1" count="3" type="stmt"/>
        <line num="3" count="3" type="stmt"/>
        <line num="6" count="7" type="stmt"/>
        <line num="7" count="7" type="stmt"/>
        <line num="11" count="13" type="stmt"/>
        <line num="12" count="13" type="stmt"/>
        <line num="15" count="3" type="stmt"/>
      </file>
    </package>
    <package name="src.service">
      <metrics statements="14" coveredstatements="14" conditionals="3" coveredconditionals="3" methods="8" coveredmethods="8"/>
      <file name="index.js" path="/home/elvin/development/projects/jsexpert-exercicio01-pokeapi/src/service/index.js">
        <metrics statements="3" coveredstatements="3" conditionals="0" coveredconditionals="0" methods="1" coveredmethods="1"/>
        <line num="1" count="1" type="stmt"/>
        <line num="4" count="3" type="stmt"/>
        <line num="9" count="1" type="stmt"/>
      </file>
      <file name="teamService.js" path="/home/elvin/development/projects/jsexpert-exercicio01-pokeapi/src/service/teamService.js">
        <metrics statements="11" coveredstatements="11" conditionals="3" coveredconditionals="3" methods="7" coveredmethods="7"/>
        <line num="4" count="2" type="stmt"/>
        <line num="10" count="4" type="stmt"/>
        <line num="11" count="4" type="stmt"/>
        <line num="13" count="4" type="stmt"/>
        <line num="21" count="12" type="stmt"/>
        <line num="25" count="13" type="stmt"/>
        <line num="29" count="4" type="stmt"/>
        <line num="31" count="12" type="stmt"/>
        <line num="33" count="12" type="stmt"/>
        <line num="35" count="36" type="stmt"/>
        <line num="41" count="2" type="stmt"/>
      </file>
    </package>
    <package name="test.mocks">
      <metrics statements="11" coveredstatements="11" conditionals="0" coveredconditionals="0" methods="0" coveredmethods="0"/>
      <file name="teamRepository.mock.js" path="/home/elvin/development/projects/jsexpert-exercicio01-pokeapi/test/mocks/teamRepository.mock.js">
        <metrics statements="11" coveredstatements="11" conditionals="0" coveredconditionals="0" methods="0" coveredmethods="0"/>
        <line num="1" count="2" type="stmt"/>
        <line num="2" count="2" type="stmt"/>
        <line num="3" count="2" type="stmt"/>
        <line num="5" count="2" type="stmt"/>
        <line num="12" count="2" type="stmt"/>
        <line num="20" count="2" type="stmt"/>
        <line num="22" count="2" type="stmt"/>
        <line num="23" count="2" type="stmt"/>
        <line num="24" count="2" type="stmt"/>
        <line num="25" count="2" type="stmt"/>
        <line num="27" count="2" type="stmt"/>
      </file>
    </package>
  </project>
</coverage>
