{"/home/elvin/development/projects/jsexpert-exercicio01-pokeapi/src/api.js": {"path":"/home/elvin/development/projects/jsexpert-exercicio01-pokeapi/src/api.js","statementMap":{"0":{"start":{"line":1,"column":13},"end":{"line":1,"column":28}},"1":{"start":{"line":2,"column":33},"end":{"line":2,"column":53}},"2":{"start":{"line":4,"column":21},"end":{"line":4,"column":25}},"3":{"start":{"line":5,"column":24},"end":{"line":7,"column":1}},"4":{"start":{"line":10,"column":2},"end":{"line":12,"column":66}},"5":{"start":{"line":12,"column":24},"end":{"line":12,"column":64}},"6":{"start":{"line":16,"column":26},"end":{"line":16,"column":33}},"7":{"start":{"line":17,"column":19},"end":{"line":17,"column":51}},"8":{"start":{"line":19,"column":16},"end":{"line":19,"column":37}},"9":{"start":{"line":21,"column":2},"end":{"line":21,"column":43}},"10":{"start":{"line":23,"column":2},"end":{"line":23,"column":34}},"11":{"start":{"line":27,"column":24},"end":{"line":40,"column":3}},"12":{"start":{"line":29,"column":6},"end":{"line":29,"column":56}},"13":{"start":{"line":30,"column":6},"end":{"line":30,"column":28}},"14":{"start":{"line":33,"column":26},"end":{"line":33,"column":47}},"15":{"start":{"line":34,"column":19},"end":{"line":34,"column":46}},"16":{"start":{"line":36,"column":6},"end":{"line":36,"column":47}},"17":{"start":{"line":38,"column":6},"end":{"line":38,"column":28}},"18":{"start":{"line":42,"column":2},"end":{"line":42,"column":58}},"19":{"start":{"line":46,"column":18},"end":{"line":46,"column":53}},"20":{"start":{"line":47,"column":2},"end":{"line":49,"column":3}},"21":{"start":{"line":48,"column":4},"end":{"line":48,"column":58}},"22":{"start":{"line":50,"column":2},"end":{"line":50,"column":17}},"23":{"start":{"line":53,"column":0},"end":{"line":55,"column":2}}},"fnMap":{"0":{"name":"createServer","decl":{"start":{"line":9,"column":9},"end":{"line":9,"column":21}},"loc":{"start":{"line":9,"column":43},"end":{"line":13,"column":1}},"line":9},"1":{"name":"(anonymous_1)","decl":{"start":{"line":12,"column":18},"end":{"line":12,"column":19}},"loc":{"start":{"line":12,"column":24},"end":{"line":12,"column":64}},"line":12},"2":{"name":"handler","decl":{"start":{"line":15,"column":9},"end":{"line":15,"column":16}},"loc":{"start":{"line":15,"column":36},"end":{"line":24,"column":1}},"line":15},"3":{"name":"createRoute","decl":{"start":{"line":26,"column":9},"end":{"line":26,"column":20}},"loc":{"start":{"line":26,"column":31},"end":{"line":43,"column":1}},"line":26},"4":{"name":"(anonymous_4)","decl":{"start":{"line":28,"column":13},"end":{"line":28,"column":14}},"loc":{"start":{"line":28,"column":36},"end":{"line":31,"column":5}},"line":28},"5":{"name":"(anonymous_5)","decl":{"start":{"line":32,"column":17},"end":{"line":32,"column":18}},"loc":{"start":{"line":32,"column":46},"end":{"line":39,"column":5}},"line":32},"6":{"name":"createService","decl":{"start":{"line":45,"column":9},"end":{"line":45,"column":22}},"loc":{"start":{"line":45,"column":36},"end":{"line":51,"column":1}},"line":45}},"branchMap":{"0":{"loc":{"start":{"line":9,"column":22},"end":{"line":9,"column":41}},"type":"default-arg","locations":[{"start":{"line":9,"column":29},"end":{"line":9,"column":41}}],"line":9},"1":{"loc":{"start":{"line":42,"column":9},"end":{"line":42,"column":57}},"type":"binary-expr","locations":[{"start":{"line":42,"column":9},"end":{"line":42,"column":32}},{"start":{"line":42,"column":36},"end":{"line":42,"column":57}}],"line":42},"2":{"loc":{"start":{"line":47,"column":2},"end":{"line":49,"column":3}},"type":"if","locations":[{"start":{"line":47,"column":2},"end":{"line":49,"column":3}},{"start":{},"end":{}}],"line":47}},"s":{"0":1,"1":1,"2":1,"3":1,"4":2,"5":2,"6":4,"7":4,"8":4,"9":4,"10":4,"11":4,"12":1,"13":1,"14":3,"15":3,"16":3,"17":3,"18":4,"19":3,"20":3,"21":0,"22":3,"23":1},"f":{"0":2,"1":2,"2":4,"3":4,"4":1,"5":3,"6":3},"b":{"0":[2],"1":[4,1],"2":[0,3]},"_coverageSchema":"1a1c01bbd47fc00a2c39e90264f33305004495a9","hash":"6de617351c5a539f5c604243e828302e159aff15"}
,"/home/elvin/development/projects/jsexpert-exercicio01-pokeapi/src/repository/teamRepository.js": {"path":"/home/elvin/development/projects/jsexpert-exercicio01-pokeapi/src/repository/teamRepository.js","statementMap":{"0":{"start":{"line":1,"column":27},"end":{"line":1,"column":43}},"1":{"start":{"line":3,"column":16},"end":{"line":3,"column":51}},"2":{"start":{"line":6,"column":19},"end":{"line":6,"column":43}},"3":{"start":{"line":7,"column":2},"end":{"line":7,"column":31}},"4":{"start":{"line":11,"column":19},"end":{"line":11,"column":39}},"5":{"start":{"line":12,"column":2},"end":{"line":12,"column":23}},"6":{"start":{"line":15,"column":0},"end":{"line":18,"column":2}}},"fnMap":{"0":{"name":"getPokemons","decl":{"start":{"line":5,"column":15},"end":{"line":5,"column":26}},"loc":{"start":{"line":5,"column":29},"end":{"line":8,"column":1}},"line":5},"1":{"name":"getPokemonByUrl","decl":{"start":{"line":10,"column":15},"end":{"line":10,"column":30}},"loc":{"start":{"line":10,"column":36},"end":{"line":13,"column":1}},"line":10}},"branchMap":{},"s":{"0":3,"1":3,"2":7,"3":7,"4":13,"5":13,"6":3},"f":{"0":7,"1":13},"b":{},"_coverageSchema":"1a1c01bbd47fc00a2c39e90264f33305004495a9","hash":"19e45c9632fc209cdfcc62e706eaf8b4089454aa"}
,"/home/elvin/development/projects/jsexpert-exercicio01-pokeapi/src/service/index.js": {"path":"/home/elvin/development/projects/jsexpert-exercicio01-pokeapi/src/service/index.js","statementMap":{"0":{"start":{"line":1,"column":13},"end":{"line":1,"column":37}},"1":{"start":{"line":4,"column":2},"end":{"line":6,"column":4}},"2":{"start":{"line":9,"column":0},"end":{"line":11,"column":2}}},"fnMap":{"0":{"name":"getAvailableServices","decl":{"start":{"line":3,"column":9},"end":{"line":3,"column":29}},"loc":{"start":{"line":3,"column":32},"end":{"line":7,"column":1}},"line":3}},"branchMap":{},"s":{"0":1,"1":3,"2":1},"f":{"0":3},"b":{},"_coverageSchema":"1a1c01bbd47fc00a2c39e90264f33305004495a9","hash":"c88133426ddef753c2411d6d11ed7e7818e552ae"}
,"/home/elvin/development/projects/jsexpert-exercicio01-pokeapi/src/service/teamService.js": {"path":"/home/elvin/development/projects/jsexpert-exercicio01-pokeapi/src/service/teamService.js","statementMap":{"0":{"start":{"line":4,"column":4},"end":{"line":4,"column":43}},"1":{"start":{"line":10,"column":19},"end":{"line":10,"column":38}},"2":{"start":{"line":11,"column":25},"end":{"line":11,"column":68}},"3":{"start":{"line":13,"column":2},"end":{"line":13,"column":44}},"4":{"start":{"line":21,"column":2},"end":{"line":21,"column":76}},"5":{"start":{"line":21,"column":40},"end":{"line":21,"column":74}},"6":{"start":{"line":25,"column":2},"end":{"line":25,"column":55}},"7":{"start":{"line":29,"column":2},"end":{"line":38,"column":4}},"8":{"start":{"line":31,"column":26},"end":{"line":31,"column":60}},"9":{"start":{"line":33,"column":6},"end":{"line":36,"column":8}},"10":{"start":{"line":35,"column":59},"end":{"line":35,"column":73}},"11":{"start":{"line":41,"column":0},"end":{"line":45,"column":2}}},"fnMap":{"0":{"name":"getTeam","decl":{"start":{"line":6,"column":15},"end":{"line":6,"column":22}},"loc":{"start":{"line":9,"column":2},"end":{"line":14,"column":1}},"line":9},"1":{"name":"getRandomPokemons","decl":{"start":{"line":16,"column":9},"end":{"line":16,"column":26}},"loc":{"start":{"line":20,"column":2},"end":{"line":22,"column":1}},"line":20},"2":{"name":"(anonymous_2)","decl":{"start":{"line":21,"column":34},"end":{"line":21,"column":35}},"loc":{"start":{"line":21,"column":40},"end":{"line":21,"column":74}},"line":21},"3":{"name":"getRandomItemFromArray","decl":{"start":{"line":24,"column":9},"end":{"line":24,"column":31}},"loc":{"start":{"line":24,"column":38},"end":{"line":26,"column":1}},"line":24},"4":{"name":"extractPokemonData","decl":{"start":{"line":28,"column":9},"end":{"line":28,"column":27}},"loc":{"start":{"line":28,"column":40},"end":{"line":39,"column":1}},"line":28},"5":{"name":"(anonymous_5)","decl":{"start":{"line":30,"column":19},"end":{"line":30,"column":20}},"loc":{"start":{"line":30,"column":38},"end":{"line":37,"column":5}},"line":30},"6":{"name":"(anonymous_6)","decl":{"start":{"line":35,"column":49},"end":{"line":35,"column":50}},"loc":{"start":{"line":35,"column":59},"end":{"line":35,"column":73}},"line":35}},"branchMap":{"0":{"loc":{"start":{"line":7,"column":2},"end":{"line":7,"column":14}},"type":"default-arg","locations":[{"start":{"line":7,"column":13},"end":{"line":7,"column":14}}],"line":7},"1":{"loc":{"start":{"line":8,"column":2},"end":{"line":8,"column":45}},"type":"default-arg","locations":[{"start":{"line":8,"column":28},"end":{"line":8,"column":45}}],"line":8},"2":{"loc":{"start":{"line":19,"column":2},"end":{"line":19,"column":55}},"type":"default-arg","locations":[{"start":{"line":19,"column":33},"end":{"line":19,"column":55}}],"line":19}},"s":{"0":2,"1":4,"2":4,"3":4,"4":4,"5":12,"6":13,"7":4,"8":12,"9":12,"10":36,"11":2},"f":{"0":4,"1":4,"2":12,"3":13,"4":4,"5":12,"6":36},"b":{"0":[3],"1":[3],"2":[3]},"_coverageSchema":"1a1c01bbd47fc00a2c39e90264f33305004495a9","hash":"37b51802661f343d2c6fc2e843ddc41d03fd6e4d"}
,"/home/elvin/development/projects/jsexpert-exercicio01-pokeapi/test/mocks/teamRepository.mock.js": {"path":"/home/elvin/development/projects/jsexpert-exercicio01-pokeapi/test/mocks/teamRepository.mock.js","statementMap":{"0":{"start":{"line":1,"column":14},"end":{"line":1,"column":30}},"1":{"start":{"line":2,"column":27},"end":{"line":2,"column":43}},"2":{"start":{"line":3,"column":23},"end":{"line":3,"column":69}},"3":{"start":{"line":5,"column":13},"end":{"line":10,"column":1}},"4":{"start":{"line":12,"column":14},"end":{"line":18,"column":1}},"5":{"start":{"line":20,"column":18},"end":{"line":20,"column":42}},"6":{"start":{"line":22,"column":0},"end":{"line":22,"column":65}},"7":{"start":{"line":23,"column":0},"end":{"line":23,"column":73}},"8":{"start":{"line":24,"column":0},"end":{"line":24,"column":67}},"9":{"start":{"line":25,"column":0},"end":{"line":25,"column":71}},"10":{"start":{"line":27,"column":0},"end":{"line":31,"column":2}}},"fnMap":{},"branchMap":{},"s":{"0":2,"1":2,"2":2,"3":2,"4":2,"5":2,"6":2,"7":2,"8":2,"9":2,"10":2},"f":{},"b":{},"_coverageSchema":"1a1c01bbd47fc00a2c39e90264f33305004495a9","hash":"44f1eb124157103bb42a2e954f2185a2f060c377"}
}
