TN:
SF:src/api.js
FN:9,createServer
FN:12,(anonymous_1)
FN:15,handler
FN:26,createRoute
FN:28,(anonymous_4)
FN:32,(anonymous_5)
FN:45,createService
FNF:7
FNH:7
FNDA:2,createServer
FNDA:2,(anonymous_1)
FNDA:4,handler
FNDA:4,createRoute
FNDA:1,(anonymous_4)
FNDA:3,(anonymous_5)
FNDA:3,createService
DA:1,1
DA:2,1
DA:4,1
DA:5,1
DA:10,2
DA:12,2
DA:16,4
DA:17,4
DA:19,4
DA:21,4
DA:23,4
DA:27,4
DA:29,1
DA:30,1
DA:33,3
DA:34,3
DA:36,3
DA:38,3
DA:42,4
DA:46,3
DA:47,3
DA:48,0
DA:50,3
DA:53,1
LF:24
LH:23
BRDA:9,0,0,2
BRDA:42,1,0,4
BRDA:42,1,1,1
BRDA:47,2,0,0
BRDA:47,2,1,3
BRF:5
BRH:4
end_of_record
TN:
SF:src/repository/teamRepository.js
FN:5,getPokemons
FN:10,getPokemonByUrl
FNF:2
FNH:2
FNDA:7,getPokemons
FNDA:13,getPokemonByUrl
DA:1,3
DA:3,3
DA:6,7
DA:7,7
DA:11,13
DA:12,13
DA:15,3
LF:7
LH:7
BRF:0
BRH:0
end_of_record
TN:
SF:src/service/index.js
FN:3,getAvailableServices
FNF:1
FNH:1
FNDA:3,getAvailableServices
DA:1,1
DA:4,3
DA:9,1
LF:3
LH:3
BRF:0
BRH:0
end_of_record
TN:
SF:src/service/teamService.js
FN:6,getTeam
FN:16,getRandomPokemons
FN:21,(anonymous_2)
FN:24,getRandomItemFromArray
FN:28,extractPokemonData
FN:30,(anonymous_5)
FN:35,(anonymous_6)
FNF:7
FNH:7
FNDA:4,getTeam
FNDA:4,getRandomPokemons
FNDA:12,(anonymous_2)
FNDA:13,getRandomItemFromArray
FNDA:4,extractPokemonData
FNDA:12,(anonymous_5)
FNDA:36,(anonymous_6)
DA:4,2
DA:10,4
DA:11,4
DA:13,4
DA:21,12
DA:25,13
DA:29,4
DA:31,12
DA:33,12
DA:35,36
DA:41,2
LF:11
LH:11
BRDA:7,0,0,3
BRDA:8,1,0,3
BRDA:19,2,0,3
BRF:3
BRH:3
end_of_record
TN:
SF:test/mocks/teamRepository.mock.js
FNF:0
FNH:0
DA:1,2
DA:2,2
DA:3,2
DA:5,2
DA:12,2
DA:20,2
DA:22,2
DA:23,2
DA:24,2
DA:25,2
DA:27,2
LF:11
LH:11
BRF:0
BRH:0
end_of_record
